<?xml version="1.0" encoding="UTF-8"?>
<!DOCTYPE coverage SYSTEM "http://cobertura.sourceforge.net/xml/coverage-04.dtd">
<coverage line-rate="1" branch-rate="0" lines-covered="557" lines-valid="557" branches-covered="0" branches-valid="0" complexity="149" version="0.4" timestamp="1723181297">
  <sources>
    <source>/app/src</source>
  </sources>
  <packages>
    <package name="Http/Controllers/Controller.php" line-rate="0" branch-rate="0" complexity="0">
      <classes>
        <class name="Playground\Directory\Api\Http\Controllers\Controller" filename="Http/Controllers/Controller.php" line-rate="0" branch-rate="0" complexity="0">
          <methods/>
          <lines/>
        </class>
      </classes>
    </package>
    <package name="Http/Controllers/LocationController.php" line-rate="1" branch-rate="0" complexity="32">
      <classes>
        <class name="Playground\Directory\Api\Http\Controllers\LocationController" filename="Http/Controllers/LocationController.php" line-rate="1" branch-rate="0" complexity="32">
          <methods>
            <method name="create" signature="Playground\Directory\Api\Http\Requests\Location\CreateRequest $request" line-rate="1" branch-rate="0" complexity="1">
              <lines>
                <line number="49" hits="1"/>
                <line number="51" hits="1"/>
                <line number="53" hits="1"/>
                <line number="55" hits="1"/>
                <line number="56" hits="1"/>
                <line number="57" hits="1"/>
              </lines>
            </method>
            <method name="edit" signature="Playground\Directory\Models\Location $location, Playground\Directory\Api\Http\Requests\Location\EditRequest $request" line-rate="1" branch-rate="0" complexity="1">
              <lines>
                <line number="69" hits="1"/>
                <line number="70" hits="1"/>
                <line number="71" hits="1"/>
              </lines>
            </method>
            <method name="destroy" signature="Playground\Directory\Models\Location $location, Playground\Directory\Api\Http\Requests\Location\DestroyRequest $request" line-rate="1" branch-rate="0" complexity="3">
              <lines>
                <line number="84" hits="4"/>
                <line number="86" hits="4"/>
                <line number="88" hits="4"/>
                <line number="89" hits="4"/>
                <line number="92" hits="4"/>
                <line number="93" hits="3"/>
                <line number="95" hits="1"/>
                <line number="98" hits="4"/>
              </lines>
            </method>
            <method name="lock" signature="Playground\Directory\Models\Location $location, Playground\Directory\Api\Http\Requests\Location\LockRequest $request" line-rate="1" branch-rate="0" complexity="2">
              <lines>
                <line number="111" hits="2"/>
                <line number="113" hits="2"/>
                <line number="115" hits="2"/>
                <line number="116" hits="2"/>
                <line number="119" hits="2"/>
                <line number="121" hits="2"/>
                <line number="123" hits="2"/>
                <line number="124" hits="2"/>
                <line number="125" hits="2"/>
              </lines>
            </method>
            <method name="index" signature="Playground\Directory\Api\Http\Requests\Location\IndexRequest $request" line-rate="1" branch-rate="0" complexity="5">
              <lines>
                <line number="137" hits="2"/>
                <line number="139" hits="2"/>
                <line number="141" hits="2"/>
                <line number="143" hits="2"/>
                <line number="145" hits="2"/>
                <line number="147" hits="1"/>
                <line number="149" hits="1"/>
                <line number="150" hits="1"/>
                <line number="151" hits="1"/>
                <line number="152" hits="1"/>
                <line number="154" hits="1"/>
                <line number="155" hits="1"/>
                <line number="156" hits="1"/>
                <line number="157" hits="1"/>
                <line number="159" hits="1"/>
                <line number="160" hits="1"/>
                <line number="161" hits="1"/>
                <line number="162" hits="1"/>
                <line number="164" hits="1"/>
                <line number="165" hits="1"/>
                <line number="166" hits="1"/>
                <line number="167" hits="1"/>
                <line number="170" hits="2"/>
                <line number="171" hits="2"/>
                <line number="173" hits="2"/>
                <line number="175" hits="2"/>
              </lines>
            </method>
            <method name="restore" signature="Playground\Directory\Models\Location $location, Playground\Directory\Api\Http\Requests\Location\RestoreRequest $request" line-rate="1" branch-rate="0" complexity="2">
              <lines>
                <line number="188" hits="2"/>
                <line number="190" hits="2"/>
                <line number="191" hits="2"/>
                <line number="194" hits="2"/>
                <line number="196" hits="2"/>
                <line number="197" hits="2"/>
                <line number="198" hits="2"/>
              </lines>
            </method>
            <method name="restoreRevision" signature="Playground\Directory\Models\LocationRevision $location_revision, Playground\Directory\Api\Http\Requests\Location\RestoreRevisionRequest $request" line-rate="1" branch-rate="0" complexity="2">
              <lines>
                <line number="210" hits="2"/>
                <line number="215" hits="2"/>
                <line number="216" hits="2"/>
                <line number="217" hits="2"/>
                <line number="218" hits="2"/>
                <line number="220" hits="2"/>
                <line number="222" hits="2"/>
                <line number="224" hits="2"/>
                <line number="225" hits="2"/>
                <line number="226" hits="2"/>
                <line number="227" hits="2"/>
                <line number="228" hits="2"/>
                <line number="231" hits="2"/>
                <line number="233" hits="2"/>
                <line number="234" hits="2"/>
                <line number="235" hits="2"/>
              </lines>
            </method>
            <method name="revision" signature="Playground\Directory\Models\LocationRevision $location_revision, Playground\Directory\Api\Http\Requests\Location\ShowRevisionRequest $request" line-rate="1" branch-rate="0" complexity="1">
              <lines>
                <line number="247" hits="1"/>
                <line number="249" hits="1"/>
                <line number="251" hits="1"/>
                <line number="252" hits="1"/>
                <line number="253" hits="1"/>
                <line number="254" hits="1"/>
                <line number="255" hits="1"/>
                <line number="256" hits="1"/>
                <line number="257" hits="1"/>
                <line number="259" hits="1"/>
                <line number="260" hits="1"/>
                <line number="261" hits="1"/>
              </lines>
            </method>
            <method name="revisions" signature="Playground\Directory\Models\Location $location, Playground\Directory\Api\Http\Requests\Location\RevisionsRequest $request" line-rate="1" branch-rate="0" complexity="5">
              <lines>
                <line number="273" hits="2"/>
                <line number="275" hits="2"/>
                <line number="277" hits="2"/>
                <line number="279" hits="2"/>
                <line number="281" hits="2"/>
                <line number="282" hits="1"/>
                <line number="284" hits="1"/>
                <line number="285" hits="1"/>
                <line number="286" hits="1"/>
                <line number="287" hits="1"/>
                <line number="289" hits="1"/>
                <line number="290" hits="1"/>
                <line number="291" hits="1"/>
                <line number="292" hits="1"/>
                <line number="294" hits="1"/>
                <line number="295" hits="1"/>
                <line number="296" hits="1"/>
                <line number="297" hits="1"/>
                <line number="299" hits="1"/>
                <line number="300" hits="1"/>
                <line number="301" hits="1"/>
                <line number="302" hits="1"/>
                <line number="305" hits="2"/>
                <line number="306" hits="2"/>
                <line number="308" hits="2"/>
                <line number="310" hits="2"/>
                <line number="311" hits="2"/>
                <line number="312" hits="2"/>
              </lines>
            </method>
            <method name="saveRevision" signature="Playground\Directory\Models\Location $location" line-rate="1" branch-rate="0" complexity="4">
              <lines>
                <line number="320" hits="3"/>
                <line number="322" hits="3"/>
                <line number="323" hits="3"/>
                <line number="324" hits="3"/>
                <line number="325" hits="3"/>
                <line number="327" hits="3"/>
                <line number="328" hits="3"/>
                <line number="329" hits="3"/>
                <line number="331" hits="3"/>
                <line number="332" hits="3"/>
                <line number="334" hits="3"/>
                <line number="336" hits="3"/>
              </lines>
            </method>
            <method name="show" signature="Playground\Directory\Models\Location $location, Playground\Directory\Api\Http\Requests\Location\ShowRequest $request" line-rate="1" branch-rate="0" complexity="1">
              <lines>
                <line number="348" hits="1"/>
                <line number="349" hits="1"/>
                <line number="350" hits="1"/>
              </lines>
            </method>
            <method name="store" signature="Playground\Directory\Api\Http\Requests\Location\StoreRequest $request" line-rate="1" branch-rate="0" complexity="1">
              <lines>
                <line number="361" hits="1"/>
                <line number="363" hits="1"/>
                <line number="365" hits="1"/>
                <line number="367" hits="1"/>
                <line number="369" hits="1"/>
                <line number="371" hits="1"/>
                <line number="372" hits="1"/>
                <line number="373" hits="1"/>
              </lines>
            </method>
            <method name="unlock" signature="Playground\Directory\Models\Location $location, Playground\Directory\Api\Http\Requests\Location\UnlockRequest $request" line-rate="1" branch-rate="0" complexity="2">
              <lines>
                <line number="386" hits="2"/>
                <line number="388" hits="2"/>
                <line number="390" hits="2"/>
                <line number="392" hits="2"/>
                <line number="393" hits="2"/>
                <line number="396" hits="2"/>
                <line number="398" hits="2"/>
                <line number="399" hits="2"/>
                <line number="400" hits="2"/>
              </lines>
            </method>
            <method name="update" signature="Playground\Directory\Models\Location $location, Playground\Directory\Api\Http\Requests\Location\UpdateRequest $request" line-rate="1" branch-rate="0" complexity="2">
              <lines>
                <line number="413" hits="1"/>
                <line number="415" hits="1"/>
                <line number="417" hits="1"/>
                <line number="419" hits="1"/>
                <line number="420" hits="1"/>
                <line number="423" hits="1"/>
                <line number="425" hits="1"/>
                <line number="426" hits="1"/>
                <line number="427" hits="1"/>
              </lines>
            </method>
          </methods>
          <lines>
            <line number="49" hits="1"/>
            <line number="51" hits="1"/>
            <line number="53" hits="1"/>
            <line number="55" hits="1"/>
            <line number="56" hits="1"/>
            <line number="57" hits="1"/>
            <line number="69" hits="1"/>
            <line number="70" hits="1"/>
            <line number="71" hits="1"/>
            <line number="84" hits="4"/>
            <line number="86" hits="4"/>
            <line number="88" hits="4"/>
            <line number="89" hits="4"/>
            <line number="92" hits="4"/>
            <line number="93" hits="3"/>
            <line number="95" hits="1"/>
            <line number="98" hits="4"/>
            <line number="111" hits="2"/>
            <line number="113" hits="2"/>
            <line number="115" hits="2"/>
            <line number="116" hits="2"/>
            <line number="119" hits="2"/>
            <line number="121" hits="2"/>
            <line number="123" hits="2"/>
            <line number="124" hits="2"/>
            <line number="125" hits="2"/>
            <line number="137" hits="2"/>
            <line number="139" hits="2"/>
            <line number="141" hits="2"/>
            <line number="143" hits="2"/>
            <line number="145" hits="2"/>
            <line number="147" hits="1"/>
            <line number="149" hits="1"/>
            <line number="150" hits="1"/>
            <line number="151" hits="1"/>
            <line number="152" hits="1"/>
            <line number="154" hits="1"/>
            <line number="155" hits="1"/>
            <line number="156" hits="1"/>
            <line number="157" hits="1"/>
            <line number="159" hits="1"/>
            <line number="160" hits="1"/>
            <line number="161" hits="1"/>
            <line number="162" hits="1"/>
            <line number="164" hits="1"/>
            <line number="165" hits="1"/>
            <line number="166" hits="1"/>
            <line number="167" hits="1"/>
            <line number="170" hits="2"/>
            <line number="171" hits="2"/>
            <line number="173" hits="2"/>
            <line number="175" hits="2"/>
            <line number="188" hits="2"/>
            <line number="190" hits="2"/>
            <line number="191" hits="2"/>
            <line number="194" hits="2"/>
            <line number="196" hits="2"/>
            <line number="197" hits="2"/>
            <line number="198" hits="2"/>
            <line number="210" hits="2"/>
            <line number="215" hits="2"/>
            <line number="216" hits="2"/>
            <line number="217" hits="2"/>
            <line number="218" hits="2"/>
            <line number="220" hits="2"/>
            <line number="222" hits="2"/>
            <line number="224" hits="2"/>
            <line number="225" hits="2"/>
            <line number="226" hits="2"/>
            <line number="227" hits="2"/>
            <line number="228" hits="2"/>
            <line number="231" hits="2"/>
            <line number="233" hits="2"/>
            <line number="234" hits="2"/>
            <line number="235" hits="2"/>
            <line number="247" hits="1"/>
            <line number="249" hits="1"/>
            <line number="251" hits="1"/>
            <line number="252" hits="1"/>
            <line number="253" hits="1"/>
            <line number="254" hits="1"/>
            <line number="255" hits="1"/>
            <line number="256" hits="1"/>
            <line number="257" hits="1"/>
            <line number="259" hits="1"/>
            <line number="260" hits="1"/>
            <line number="261" hits="1"/>
            <line number="273" hits="2"/>
            <line number="275" hits="2"/>
            <line number="277" hits="2"/>
            <line number="279" hits="2"/>
            <line number="281" hits="2"/>
            <line number="282" hits="1"/>
            <line number="284" hits="1"/>
            <line number="285" hits="1"/>
            <line number="286" hits="1"/>
            <line number="287" hits="1"/>
            <line number="289" hits="1"/>
            <line number="290" hits="1"/>
            <line number="291" hits="1"/>
            <line number="292" hits="1"/>
            <line number="294" hits="1"/>
            <line number="295" hits="1"/>
            <line number="296" hits="1"/>
            <line number="297" hits="1"/>
            <line number="299" hits="1"/>
            <line number="300" hits="1"/>
            <line number="301" hits="1"/>
            <line number="302" hits="1"/>
            <line number="305" hits="2"/>
            <line number="306" hits="2"/>
            <line number="308" hits="2"/>
            <line number="310" hits="2"/>
            <line number="311" hits="2"/>
            <line number="312" hits="2"/>
            <line number="320" hits="3"/>
            <line number="322" hits="3"/>
            <line number="323" hits="3"/>
            <line number="324" hits="3"/>
            <line number="325" hits="3"/>
            <line number="327" hits="3"/>
            <line number="328" hits="3"/>
            <line number="329" hits="3"/>
            <line number="331" hits="3"/>
            <line number="332" hits="3"/>
            <line number="334" hits="3"/>
            <line number="336" hits="3"/>
            <line number="348" hits="1"/>
            <line number="349" hits="1"/>
            <line number="350" hits="1"/>
            <line number="361" hits="1"/>
            <line number="363" hits="1"/>
            <line number="365" hits="1"/>
            <line number="367" hits="1"/>
            <line number="369" hits="1"/>
            <line number="371" hits="1"/>
            <line number="372" hits="1"/>
            <line number="373" hits="1"/>
            <line number="386" hits="2"/>
            <line number="388" hits="2"/>
            <line number="390" hits="2"/>
            <line number="392" hits="2"/>
            <line number="393" hits="2"/>
            <line number="396" hits="2"/>
            <line number="398" hits="2"/>
            <line number="399" hits="2"/>
            <line number="400" hits="2"/>
            <line number="413" hits="1"/>
            <line number="415" hits="1"/>
            <line number="417" hits="1"/>
            <line number="419" hits="1"/>
            <line number="420" hits="1"/>
            <line number="423" hits="1"/>
            <line number="425" hits="1"/>
            <line number="426" hits="1"/>
            <line number="427" hits="1"/>
          </lines>
        </class>
      </classes>
    </package>
    <package name="Http/Controllers/SublocationController.php" line-rate="1" branch-rate="0" complexity="32">
      <classes>
        <class name="Playground\Directory\Api\Http\Controllers\SublocationController" filename="Http/Controllers/SublocationController.php" line-rate="1" branch-rate="0" complexity="32">
          <methods>
            <method name="create" signature="Playground\Directory\Api\Http\Requests\Sublocation\CreateRequest $request" line-rate="1" branch-rate="0" complexity="1">
              <lines>
                <line number="49" hits="1"/>
                <line number="51" hits="1"/>
                <line number="53" hits="1"/>
                <line number="55" hits="1"/>
                <line number="56" hits="1"/>
                <line number="57" hits="1"/>
              </lines>
            </method>
            <method name="edit" signature="Playground\Directory\Models\Sublocation $sublocation, Playground\Directory\Api\Http\Requests\Sublocation\EditRequest $request" line-rate="1" branch-rate="0" complexity="1">
              <lines>
                <line number="69" hits="1"/>
                <line number="70" hits="1"/>
                <line number="71" hits="1"/>
              </lines>
            </method>
            <method name="destroy" signature="Playground\Directory\Models\Sublocation $sublocation, Playground\Directory\Api\Http\Requests\Sublocation\DestroyRequest $request" line-rate="1" branch-rate="0" complexity="3">
              <lines>
                <line number="84" hits="4"/>
                <line number="86" hits="4"/>
                <line number="88" hits="4"/>
                <line number="89" hits="4"/>
                <line number="92" hits="4"/>
                <line number="93" hits="3"/>
                <line number="95" hits="1"/>
                <line number="98" hits="4"/>
              </lines>
            </method>
            <method name="lock" signature="Playground\Directory\Models\Sublocation $sublocation, Playground\Directory\Api\Http\Requests\Sublocation\LockRequest $request" line-rate="1" branch-rate="0" complexity="2">
              <lines>
                <line number="111" hits="2"/>
                <line number="113" hits="2"/>
                <line number="115" hits="2"/>
                <line number="116" hits="2"/>
                <line number="119" hits="2"/>
                <line number="121" hits="2"/>
                <line number="123" hits="2"/>
                <line number="124" hits="2"/>
                <line number="125" hits="2"/>
              </lines>
            </method>
            <method name="index" signature="Playground\Directory\Api\Http\Requests\Sublocation\IndexRequest $request" line-rate="1" branch-rate="0" complexity="5">
              <lines>
                <line number="137" hits="2"/>
                <line number="139" hits="2"/>
                <line number="141" hits="2"/>
                <line number="143" hits="2"/>
                <line number="145" hits="2"/>
                <line number="147" hits="1"/>
                <line number="149" hits="1"/>
                <line number="150" hits="1"/>
                <line number="151" hits="1"/>
                <line number="152" hits="1"/>
                <line number="154" hits="1"/>
                <line number="155" hits="1"/>
                <line number="156" hits="1"/>
                <line number="157" hits="1"/>
                <line number="159" hits="1"/>
                <line number="160" hits="1"/>
                <line number="161" hits="1"/>
                <line number="162" hits="1"/>
                <line number="164" hits="1"/>
                <line number="165" hits="1"/>
                <line number="166" hits="1"/>
                <line number="167" hits="1"/>
                <line number="170" hits="2"/>
                <line number="171" hits="2"/>
                <line number="173" hits="2"/>
                <line number="175" hits="2"/>
              </lines>
            </method>
            <method name="restore" signature="Playground\Directory\Models\Sublocation $sublocation, Playground\Directory\Api\Http\Requests\Sublocation\RestoreRequest $request" line-rate="1" branch-rate="0" complexity="2">
              <lines>
                <line number="188" hits="2"/>
                <line number="190" hits="2"/>
                <line number="191" hits="2"/>
                <line number="194" hits="2"/>
                <line number="196" hits="2"/>
                <line number="197" hits="2"/>
                <line number="198" hits="2"/>
              </lines>
            </method>
            <method name="restoreRevision" signature="Playground\Directory\Models\SublocationRevision $sublocation_revision, Playground\Directory\Api\Http\Requests\Sublocation\RestoreRevisionRequest $request" line-rate="1" branch-rate="0" complexity="2">
              <lines>
                <line number="210" hits="2"/>
                <line number="215" hits="2"/>
                <line number="216" hits="2"/>
                <line number="217" hits="2"/>
                <line number="218" hits="2"/>
                <line number="220" hits="2"/>
                <line number="222" hits="2"/>
                <line number="224" hits="2"/>
                <line number="225" hits="2"/>
                <line number="226" hits="2"/>
                <line number="227" hits="2"/>
                <line number="228" hits="2"/>
                <line number="231" hits="2"/>
                <line number="233" hits="2"/>
                <line number="234" hits="2"/>
                <line number="235" hits="2"/>
              </lines>
            </method>
            <method name="revision" signature="Playground\Directory\Models\SublocationRevision $sublocation_revision, Playground\Directory\Api\Http\Requests\Sublocation\ShowRevisionRequest $request" line-rate="1" branch-rate="0" complexity="1">
              <lines>
                <line number="247" hits="1"/>
                <line number="249" hits="1"/>
                <line number="251" hits="1"/>
                <line number="252" hits="1"/>
                <line number="253" hits="1"/>
                <line number="254" hits="1"/>
                <line number="255" hits="1"/>
                <line number="256" hits="1"/>
                <line number="257" hits="1"/>
                <line number="259" hits="1"/>
                <line number="260" hits="1"/>
                <line number="261" hits="1"/>
              </lines>
            </method>
            <method name="revisions" signature="Playground\Directory\Models\Sublocation $sublocation, Playground\Directory\Api\Http\Requests\Sublocation\RevisionsRequest $request" line-rate="1" branch-rate="0" complexity="5">
              <lines>
                <line number="273" hits="2"/>
                <line number="275" hits="2"/>
                <line number="277" hits="2"/>
                <line number="279" hits="2"/>
                <line number="281" hits="2"/>
                <line number="282" hits="1"/>
                <line number="284" hits="1"/>
                <line number="285" hits="1"/>
                <line number="286" hits="1"/>
                <line number="287" hits="1"/>
                <line number="289" hits="1"/>
                <line number="290" hits="1"/>
                <line number="291" hits="1"/>
                <line number="292" hits="1"/>
                <line number="294" hits="1"/>
                <line number="295" hits="1"/>
                <line number="296" hits="1"/>
                <line number="297" hits="1"/>
                <line number="299" hits="1"/>
                <line number="300" hits="1"/>
                <line number="301" hits="1"/>
                <line number="302" hits="1"/>
                <line number="305" hits="2"/>
                <line number="306" hits="2"/>
                <line number="308" hits="2"/>
                <line number="310" hits="2"/>
                <line number="311" hits="2"/>
                <line number="312" hits="2"/>
              </lines>
            </method>
            <method name="saveRevision" signature="Playground\Directory\Models\Sublocation $sublocation" line-rate="1" branch-rate="0" complexity="4">
              <lines>
                <line number="320" hits="3"/>
                <line number="322" hits="3"/>
                <line number="323" hits="3"/>
                <line number="324" hits="3"/>
                <line number="325" hits="3"/>
                <line number="327" hits="3"/>
                <line number="328" hits="3"/>
                <line number="329" hits="3"/>
                <line number="331" hits="3"/>
                <line number="332" hits="3"/>
                <line number="334" hits="3"/>
                <line number="336" hits="3"/>
              </lines>
            </method>
            <method name="show" signature="Playground\Directory\Models\Sublocation $sublocation, Playground\Directory\Api\Http\Requests\Sublocation\ShowRequest $request" line-rate="1" branch-rate="0" complexity="1">
              <lines>
                <line number="348" hits="1"/>
                <line number="349" hits="1"/>
                <line number="350" hits="1"/>
              </lines>
            </method>
            <method name="store" signature="Playground\Directory\Api\Http\Requests\Sublocation\StoreRequest $request" line-rate="1" branch-rate="0" complexity="1">
              <lines>
                <line number="361" hits="1"/>
                <line number="363" hits="1"/>
                <line number="365" hits="1"/>
                <line number="367" hits="1"/>
                <line number="369" hits="1"/>
                <line number="371" hits="1"/>
                <line number="372" hits="1"/>
                <line number="373" hits="1"/>
              </lines>
            </method>
            <method name="unlock" signature="Playground\Directory\Models\Sublocation $sublocation, Playground\Directory\Api\Http\Requests\Sublocation\UnlockRequest $request" line-rate="1" branch-rate="0" complexity="2">
              <lines>
                <line number="386" hits="2"/>
                <line number="388" hits="2"/>
                <line number="390" hits="2"/>
                <line number="392" hits="2"/>
                <line number="393" hits="2"/>
                <line number="396" hits="2"/>
                <line number="398" hits="2"/>
                <line number="399" hits="2"/>
                <line number="400" hits="2"/>
              </lines>
            </method>
            <method name="update" signature="Playground\Directory\Models\Sublocation $sublocation, Playground\Directory\Api\Http\Requests\Sublocation\UpdateRequest $request" line-rate="1" branch-rate="0" complexity="2">
              <lines>
                <line number="413" hits="1"/>
                <line number="415" hits="1"/>
                <line number="417" hits="1"/>
                <line number="419" hits="1"/>
                <line number="420" hits="1"/>
                <line number="423" hits="1"/>
                <line number="425" hits="1"/>
                <line number="426" hits="1"/>
                <line number="427" hits="1"/>
              </lines>
            </method>
          </methods>
          <lines>
            <line number="49" hits="1"/>
            <line number="51" hits="1"/>
            <line number="53" hits="1"/>
            <line number="55" hits="1"/>
            <line number="56" hits="1"/>
            <line number="57" hits="1"/>
            <line number="69" hits="1"/>
            <line number="70" hits="1"/>
            <line number="71" hits="1"/>
            <line number="84" hits="4"/>
            <line number="86" hits="4"/>
            <line number="88" hits="4"/>
            <line number="89" hits="4"/>
            <line number="92" hits="4"/>
            <line number="93" hits="3"/>
            <line number="95" hits="1"/>
            <line number="98" hits="4"/>
            <line number="111" hits="2"/>
            <line number="113" hits="2"/>
            <line number="115" hits="2"/>
            <line number="116" hits="2"/>
            <line number="119" hits="2"/>
            <line number="121" hits="2"/>
            <line number="123" hits="2"/>
            <line number="124" hits="2"/>
            <line number="125" hits="2"/>
            <line number="137" hits="2"/>
            <line number="139" hits="2"/>
            <line number="141" hits="2"/>
            <line number="143" hits="2"/>
            <line number="145" hits="2"/>
            <line number="147" hits="1"/>
            <line number="149" hits="1"/>
            <line number="150" hits="1"/>
            <line number="151" hits="1"/>
            <line number="152" hits="1"/>
            <line number="154" hits="1"/>
            <line number="155" hits="1"/>
            <line number="156" hits="1"/>
            <line number="157" hits="1"/>
            <line number="159" hits="1"/>
            <line number="160" hits="1"/>
            <line number="161" hits="1"/>
            <line number="162" hits="1"/>
            <line number="164" hits="1"/>
            <line number="165" hits="1"/>
            <line number="166" hits="1"/>
            <line number="167" hits="1"/>
            <line number="170" hits="2"/>
            <line number="171" hits="2"/>
            <line number="173" hits="2"/>
            <line number="175" hits="2"/>
            <line number="188" hits="2"/>
            <line number="190" hits="2"/>
            <line number="191" hits="2"/>
            <line number="194" hits="2"/>
            <line number="196" hits="2"/>
            <line number="197" hits="2"/>
            <line number="198" hits="2"/>
            <line number="210" hits="2"/>
            <line number="215" hits="2"/>
            <line number="216" hits="2"/>
            <line number="217" hits="2"/>
            <line number="218" hits="2"/>
            <line number="220" hits="2"/>
            <line number="222" hits="2"/>
            <line number="224" hits="2"/>
            <line number="225" hits="2"/>
            <line number="226" hits="2"/>
            <line number="227" hits="2"/>
            <line number="228" hits="2"/>
            <line number="231" hits="2"/>
            <line number="233" hits="2"/>
            <line number="234" hits="2"/>
            <line number="235" hits="2"/>
            <line number="247" hits="1"/>
            <line number="249" hits="1"/>
            <line number="251" hits="1"/>
            <line number="252" hits="1"/>
            <line number="253" hits="1"/>
            <line number="254" hits="1"/>
            <line number="255" hits="1"/>
            <line number="256" hits="1"/>
            <line number="257" hits="1"/>
            <line number="259" hits="1"/>
            <line number="260" hits="1"/>
            <line number="261" hits="1"/>
            <line number="273" hits="2"/>
            <line number="275" hits="2"/>
            <line number="277" hits="2"/>
            <line number="279" hits="2"/>
            <line number="281" hits="2"/>
            <line number="282" hits="1"/>
            <line number="284" hits="1"/>
            <line number="285" hits="1"/>
            <line number="286" hits="1"/>
            <line number="287" hits="1"/>
            <line number="289" hits="1"/>
            <line number="290" hits="1"/>
            <line number="291" hits="1"/>
            <line number="292" hits="1"/>
            <line number="294" hits="1"/>
            <line number="295" hits="1"/>
            <line number="296" hits="1"/>
            <line number="297" hits="1"/>
            <line number="299" hits="1"/>
            <line number="300" hits="1"/>
            <line number="301" hits="1"/>
            <line number="302" hits="1"/>
            <line number="305" hits="2"/>
            <line number="306" hits="2"/>
            <line number="308" hits="2"/>
            <line number="310" hits="2"/>
            <line number="311" hits="2"/>
            <line number="312" hits="2"/>
            <line number="320" hits="3"/>
            <line number="322" hits="3"/>
            <line number="323" hits="3"/>
            <line number="324" hits="3"/>
            <line number="325" hits="3"/>
            <line number="327" hits="3"/>
            <line number="328" hits="3"/>
            <line number="329" hits="3"/>
            <line number="331" hits="3"/>
            <line number="332" hits="3"/>
            <line number="334" hits="3"/>
            <line number="336" hits="3"/>
            <line number="348" hits="1"/>
            <line number="349" hits="1"/>
            <line number="350" hits="1"/>
            <line number="361" hits="1"/>
            <line number="363" hits="1"/>
            <line number="365" hits="1"/>
            <line number="367" hits="1"/>
            <line number="369" hits="1"/>
            <line number="371" hits="1"/>
            <line number="372" hits="1"/>
            <line number="373" hits="1"/>
            <line number="386" hits="2"/>
            <line number="388" hits="2"/>
            <line number="390" hits="2"/>
            <line number="392" hits="2"/>
            <line number="393" hits="2"/>
            <line number="396" hits="2"/>
            <line number="398" hits="2"/>
            <line number="399" hits="2"/>
            <line number="400" hits="2"/>
            <line number="413" hits="1"/>
            <line number="415" hits="1"/>
            <line number="417" hits="1"/>
            <line number="419" hits="1"/>
            <line number="420" hits="1"/>
            <line number="423" hits="1"/>
            <line number="425" hits="1"/>
            <line number="426" hits="1"/>
            <line number="427" hits="1"/>
          </lines>
        </class>
      </classes>
    </package>
    <package name="Http/Requests/FormRequest.php" line-rate="1" branch-rate="0" complexity="7">
      <classes>
        <class name="Playground\Directory\Api\Http\Requests\FormRequest" filename="Http/Requests/FormRequest.php" line-rate="1" branch-rate="0" complexity="7">
          <methods>
            <method name="authorize" signature="" line-rate="1" branch-rate="0" complexity="2">
              <lines>
                <line number="27" hits="38"/>
                <line number="29" hits="38"/>
                <line number="30" hits="1"/>
                <line number="33" hits="37"/>
              </lines>
            </method>
            <method name="rules" signature="" line-rate="1" branch-rate="0" complexity="2">
              <lines>
                <line number="43" hits="37"/>
                <line number="45" hits="37"/>
              </lines>
            </method>
            <method name="userHasAdminPrivileges" signature="Illuminate\Contracts\Auth\Authenticatable $user" line-rate="1" branch-rate="0" complexity="3">
              <lines>
                <line number="50" hits="11"/>
                <line number="51" hits="11"/>
                <line number="52" hits="10"/>
                <line number="53" hits="9"/>
                <line number="56" hits="1"/>
                <line number="60" hits="11"/>
              </lines>
            </method>
          </methods>
          <lines>
            <line number="27" hits="38"/>
            <line number="29" hits="38"/>
            <line number="30" hits="1"/>
            <line number="33" hits="37"/>
            <line number="43" hits="37"/>
            <line number="45" hits="37"/>
            <line number="50" hits="11"/>
            <line number="51" hits="11"/>
            <line number="52" hits="10"/>
            <line number="53" hits="9"/>
            <line number="56" hits="1"/>
            <line number="60" hits="11"/>
          </lines>
        </class>
      </classes>
    </package>
    <package name="Http/Requests/Location/CreateRequest.php" line-rate="0" branch-rate="0" complexity="0">
      <classes>
        <class name="Playground\Directory\Api\Http\Requests\Location\CreateRequest" filename="Http/Requests/Location/CreateRequest.php" line-rate="0" branch-rate="0" complexity="0">
          <methods/>
          <lines/>
        </class>
      </classes>
    </package>
    <package name="Http/Requests/Location/DestroyRequest.php" line-rate="1" branch-rate="0" complexity="2">
      <classes>
        <class name="Playground\Directory\Api\Http\Requests\Location\DestroyRequest" filename="Http/Requests/Location/DestroyRequest.php" line-rate="1" branch-rate="0" complexity="2">
          <methods>
            <method name="rules" signature="" line-rate="1" branch-rate="0" complexity="2">
              <lines>
                <line number="30" hits="4"/>
                <line number="32" hits="4"/>
                <line number="34" hits="4"/>
                <line number="35" hits="4"/>
                <line number="38" hits="4"/>
              </lines>
            </method>
          </methods>
          <lines>
            <line number="30" hits="4"/>
            <line number="32" hits="4"/>
            <line number="34" hits="4"/>
            <line number="35" hits="4"/>
            <line number="38" hits="4"/>
          </lines>
        </class>
      </classes>
    </package>
    <package name="Http/Requests/Location/EditRequest.php" line-rate="0" branch-rate="0" complexity="0">
      <classes>
        <class name="Playground\Directory\Api\Http\Requests\Location\EditRequest" filename="Http/Requests/Location/EditRequest.php" line-rate="0" branch-rate="0" complexity="0">
          <methods/>
          <lines/>
        </class>
      </classes>
    </package>
    <package name="Http/Requests/Location/IndexRequest.php" line-rate="0" branch-rate="0" complexity="0">
      <classes>
        <class name="Playground\Directory\Api\Http\Requests\Location\IndexRequest" filename="Http/Requests/Location/IndexRequest.php" line-rate="0" branch-rate="0" complexity="0">
          <methods/>
          <lines/>
        </class>
      </classes>
    </package>
    <package name="Http/Requests/Location/LockRequest.php" line-rate="0" branch-rate="0" complexity="0">
      <classes>
        <class name="Playground\Directory\Api\Http\Requests\Location\LockRequest" filename="Http/Requests/Location/LockRequest.php" line-rate="0" branch-rate="0" complexity="0">
          <methods/>
          <lines/>
        </class>
      </classes>
    </package>
    <package name="Http/Requests/Location/RestoreRequest.php" line-rate="0" branch-rate="0" complexity="0">
      <classes>
        <class name="Playground\Directory\Api\Http\Requests\Location\RestoreRequest" filename="Http/Requests/Location/RestoreRequest.php" line-rate="0" branch-rate="0" complexity="0">
          <methods/>
          <lines/>
        </class>
      </classes>
    </package>
    <package name="Http/Requests/Location/RestoreRevisionRequest.php" line-rate="0" branch-rate="0" complexity="0">
      <classes>
        <class name="Playground\Directory\Api\Http\Requests\Location\RestoreRevisionRequest" filename="Http/Requests/Location/RestoreRevisionRequest.php" line-rate="0" branch-rate="0" complexity="0">
          <methods/>
          <lines/>
        </class>
      </classes>
    </package>
    <package name="Http/Requests/Location/RevisionsRequest.php" line-rate="0" branch-rate="0" complexity="0">
      <classes>
        <class name="Playground\Directory\Api\Http\Requests\Location\RevisionsRequest" filename="Http/Requests/Location/RevisionsRequest.php" line-rate="0" branch-rate="0" complexity="0">
          <methods/>
          <lines/>
        </class>
      </classes>
    </package>
    <package name="Http/Requests/Location/ShowRequest.php" line-rate="0" branch-rate="0" complexity="0">
      <classes>
        <class name="Playground\Directory\Api\Http\Requests\Location\ShowRequest" filename="Http/Requests/Location/ShowRequest.php" line-rate="0" branch-rate="0" complexity="0">
          <methods/>
          <lines/>
        </class>
      </classes>
    </package>
    <package name="Http/Requests/Location/ShowRevisionRequest.php" line-rate="0" branch-rate="0" complexity="0">
      <classes>
        <class name="Playground\Directory\Api\Http\Requests\Location\ShowRevisionRequest" filename="Http/Requests/Location/ShowRevisionRequest.php" line-rate="0" branch-rate="0" complexity="0">
          <methods/>
          <lines/>
        </class>
      </classes>
    </package>
    <package name="Http/Requests/Location/StoreRequest.php" line-rate="1" branch-rate="0" complexity="4">
      <classes>
        <class name="Playground\Directory\Api\Http\Requests\Location\StoreRequest" filename="Http/Requests/Location/StoreRequest.php" line-rate="1" branch-rate="0" complexity="4">
          <methods>
            <method name="rules" signature="" line-rate="1" branch-rate="0" complexity="2">
              <lines>
                <line number="114" hits="4"/>
                <line number="119" hits="4"/>
                <line number="121" hits="4"/>
                <line number="122" hits="1"/>
                <line number="125" hits="4"/>
              </lines>
            </method>
            <method name="prepareForValidation" signature="" line-rate="1" branch-rate="0" complexity="2">
              <lines>
                <line number="135" hits="2"/>
                <line number="137" hits="2"/>
                <line number="139" hits="2"/>
                <line number="140" hits="2"/>
                <line number="141" hits="2"/>
                <line number="142" hits="2"/>
                <line number="144" hits="2"/>
                <line number="145" hits="1"/>
              </lines>
            </method>
          </methods>
          <lines>
            <line number="114" hits="4"/>
            <line number="119" hits="4"/>
            <line number="121" hits="4"/>
            <line number="122" hits="1"/>
            <line number="125" hits="4"/>
            <line number="135" hits="2"/>
            <line number="137" hits="2"/>
            <line number="139" hits="2"/>
            <line number="140" hits="2"/>
            <line number="141" hits="2"/>
            <line number="142" hits="2"/>
            <line number="144" hits="2"/>
            <line number="145" hits="1"/>
          </lines>
        </class>
      </classes>
    </package>
    <package name="Http/Requests/Location/UnlockRequest.php" line-rate="0" branch-rate="0" complexity="0">
      <classes>
        <class name="Playground\Directory\Api\Http\Requests\Location\UnlockRequest" filename="Http/Requests/Location/UnlockRequest.php" line-rate="0" branch-rate="0" complexity="0">
          <methods/>
          <lines/>
        </class>
      </classes>
    </package>
    <package name="Http/Requests/Location/UpdateRequest.php" line-rate="1" branch-rate="0" complexity="4">
      <classes>
        <class name="Playground\Directory\Api\Http\Requests\Location\UpdateRequest" filename="Http/Requests/Location/UpdateRequest.php" line-rate="1" branch-rate="0" complexity="4">
          <methods>
            <method name="rules" signature="" line-rate="1" branch-rate="0" complexity="2">
              <lines>
                <line number="114" hits="4"/>
                <line number="119" hits="4"/>
                <line number="121" hits="4"/>
                <line number="122" hits="1"/>
                <line number="125" hits="4"/>
              </lines>
            </method>
            <method name="prepareForValidation" signature="" line-rate="1" branch-rate="0" complexity="2">
              <lines>
                <line number="135" hits="2"/>
                <line number="137" hits="2"/>
                <line number="139" hits="2"/>
                <line number="140" hits="2"/>
                <line number="141" hits="2"/>
                <line number="142" hits="2"/>
                <line number="144" hits="2"/>
                <line number="145" hits="1"/>
              </lines>
            </method>
          </methods>
          <lines>
            <line number="114" hits="4"/>
            <line number="119" hits="4"/>
            <line number="121" hits="4"/>
            <line number="122" hits="1"/>
            <line number="125" hits="4"/>
            <line number="135" hits="2"/>
            <line number="137" hits="2"/>
            <line number="139" hits="2"/>
            <line number="140" hits="2"/>
            <line number="141" hits="2"/>
            <line number="142" hits="2"/>
            <line number="144" hits="2"/>
            <line number="145" hits="1"/>
          </lines>
        </class>
      </classes>
    </package>
    <package name="Http/Requests/Sublocation/CreateRequest.php" line-rate="0" branch-rate="0" complexity="0">
      <classes>
        <class name="Playground\Directory\Api\Http\Requests\Sublocation\CreateRequest" filename="Http/Requests/Sublocation/CreateRequest.php" line-rate="0" branch-rate="0" complexity="0">
          <methods/>
          <lines/>
        </class>
      </classes>
    </package>
    <package name="Http/Requests/Sublocation/DestroyRequest.php" line-rate="1" branch-rate="0" complexity="2">
      <classes>
        <class name="Playground\Directory\Api\Http\Requests\Sublocation\DestroyRequest" filename="Http/Requests/Sublocation/DestroyRequest.php" line-rate="1" branch-rate="0" complexity="2">
          <methods>
            <method name="rules" signature="" line-rate="1" branch-rate="0" complexity="2">
              <lines>
                <line number="30" hits="4"/>
                <line number="32" hits="4"/>
                <line number="34" hits="4"/>
                <line number="35" hits="4"/>
                <line number="38" hits="4"/>
              </lines>
            </method>
          </methods>
          <lines>
            <line number="30" hits="4"/>
            <line number="32" hits="4"/>
            <line number="34" hits="4"/>
            <line number="35" hits="4"/>
            <line number="38" hits="4"/>
          </lines>
        </class>
      </classes>
    </package>
    <package name="Http/Requests/Sublocation/EditRequest.php" line-rate="0" branch-rate="0" complexity="0">
      <classes>
        <class name="Playground\Directory\Api\Http\Requests\Sublocation\EditRequest" filename="Http/Requests/Sublocation/EditRequest.php" line-rate="0" branch-rate="0" complexity="0">
          <methods/>
          <lines/>
        </class>
      </classes>
    </package>
    <package name="Http/Requests/Sublocation/IndexRequest.php" line-rate="0" branch-rate="0" complexity="0">
      <classes>
        <class name="Playground\Directory\Api\Http\Requests\Sublocation\IndexRequest" filename="Http/Requests/Sublocation/IndexRequest.php" line-rate="0" branch-rate="0" complexity="0">
          <methods/>
          <lines/>
        </class>
      </classes>
    </package>
    <package name="Http/Requests/Sublocation/LockRequest.php" line-rate="0" branch-rate="0" complexity="0">
      <classes>
        <class name="Playground\Directory\Api\Http\Requests\Sublocation\LockRequest" filename="Http/Requests/Sublocation/LockRequest.php" line-rate="0" branch-rate="0" complexity="0">
          <methods/>
          <lines/>
        </class>
      </classes>
    </package>
    <package name="Http/Requests/Sublocation/RestoreRequest.php" line-rate="0" branch-rate="0" complexity="0">
      <classes>
        <class name="Playground\Directory\Api\Http\Requests\Sublocation\RestoreRequest" filename="Http/Requests/Sublocation/RestoreRequest.php" line-rate="0" branch-rate="0" complexity="0">
          <methods/>
          <lines/>
        </class>
      </classes>
    </package>
    <package name="Http/Requests/Sublocation/RestoreRevisionRequest.php" line-rate="0" branch-rate="0" complexity="0">
      <classes>
        <class name="Playground\Directory\Api\Http\Requests\Sublocation\RestoreRevisionRequest" filename="Http/Requests/Sublocation/RestoreRevisionRequest.php" line-rate="0" branch-rate="0" complexity="0">
          <methods/>
          <lines/>
        </class>
      </classes>
    </package>
    <package name="Http/Requests/Sublocation/RevisionsRequest.php" line-rate="0" branch-rate="0" complexity="0">
      <classes>
        <class name="Playground\Directory\Api\Http\Requests\Sublocation\RevisionsRequest" filename="Http/Requests/Sublocation/RevisionsRequest.php" line-rate="0" branch-rate="0" complexity="0">
          <methods/>
          <lines/>
        </class>
      </classes>
    </package>
    <package name="Http/Requests/Sublocation/ShowRequest.php" line-rate="0" branch-rate="0" complexity="0">
      <classes>
        <class name="Playground\Directory\Api\Http\Requests\Sublocation\ShowRequest" filename="Http/Requests/Sublocation/ShowRequest.php" line-rate="0" branch-rate="0" complexity="0">
          <methods/>
          <lines/>
        </class>
      </classes>
    </package>
    <package name="Http/Requests/Sublocation/ShowRevisionRequest.php" line-rate="0" branch-rate="0" complexity="0">
      <classes>
        <class name="Playground\Directory\Api\Http\Requests\Sublocation\ShowRevisionRequest" filename="Http/Requests/Sublocation/ShowRevisionRequest.php" line-rate="0" branch-rate="0" complexity="0">
          <methods/>
          <lines/>
        </class>
      </classes>
    </package>
    <package name="Http/Requests/Sublocation/StoreRequest.php" line-rate="1" branch-rate="0" complexity="4">
      <classes>
        <class name="Playground\Directory\Api\Http\Requests\Sublocation\StoreRequest" filename="Http/Requests/Sublocation/StoreRequest.php" line-rate="1" branch-rate="0" complexity="4">
          <methods>
            <method name="rules" signature="" line-rate="1" branch-rate="0" complexity="2">
              <lines>
                <line number="115" hits="4"/>
                <line number="120" hits="4"/>
                <line number="122" hits="4"/>
                <line number="123" hits="1"/>
                <line number="126" hits="4"/>
              </lines>
            </method>
            <method name="prepareForValidation" signature="" line-rate="1" branch-rate="0" complexity="2">
              <lines>
                <line number="136" hits="2"/>
                <line number="138" hits="2"/>
                <line number="140" hits="2"/>
                <line number="141" hits="2"/>
                <line number="142" hits="2"/>
                <line number="143" hits="2"/>
                <line number="145" hits="2"/>
                <line number="146" hits="1"/>
              </lines>
            </method>
          </methods>
          <lines>
            <line number="115" hits="4"/>
            <line number="120" hits="4"/>
            <line number="122" hits="4"/>
            <line number="123" hits="1"/>
            <line number="126" hits="4"/>
            <line number="136" hits="2"/>
            <line number="138" hits="2"/>
            <line number="140" hits="2"/>
            <line number="141" hits="2"/>
            <line number="142" hits="2"/>
            <line number="143" hits="2"/>
            <line number="145" hits="2"/>
            <line number="146" hits="1"/>
          </lines>
        </class>
      </classes>
    </package>
    <package name="Http/Requests/Sublocation/UnlockRequest.php" line-rate="0" branch-rate="0" complexity="0">
      <classes>
        <class name="Playground\Directory\Api\Http\Requests\Sublocation\UnlockRequest" filename="Http/Requests/Sublocation/UnlockRequest.php" line-rate="0" branch-rate="0" complexity="0">
          <methods/>
          <lines/>
        </class>
      </classes>
    </package>
    <package name="Http/Requests/Sublocation/UpdateRequest.php" line-rate="1" branch-rate="0" complexity="4">
      <classes>
        <class name="Playground\Directory\Api\Http\Requests\Sublocation\UpdateRequest" filename="Http/Requests/Sublocation/UpdateRequest.php" line-rate="1" branch-rate="0" complexity="4">
          <methods>
            <method name="rules" signature="" line-rate="1" branch-rate="0" complexity="2">
              <lines>
                <line number="115" hits="4"/>
                <line number="120" hits="4"/>
                <line number="122" hits="4"/>
                <line number="123" hits="1"/>
                <line number="126" hits="4"/>
              </lines>
            </method>
            <method name="prepareForValidation" signature="" line-rate="1" branch-rate="0" complexity="2">
              <lines>
                <line number="136" hits="2"/>
                <line number="138" hits="2"/>
                <line number="140" hits="2"/>
                <line number="141" hits="2"/>
                <line number="142" hits="2"/>
                <line number="143" hits="2"/>
                <line number="145" hits="2"/>
                <line number="146" hits="1"/>
              </lines>
            </method>
          </methods>
          <lines>
            <line number="115" hits="4"/>
            <line number="120" hits="4"/>
            <line number="122" hits="4"/>
            <line number="123" hits="1"/>
            <line number="126" hits="4"/>
            <line number="136" hits="2"/>
            <line number="138" hits="2"/>
            <line number="140" hits="2"/>
            <line number="141" hits="2"/>
            <line number="142" hits="2"/>
            <line number="143" hits="2"/>
            <line number="145" hits="2"/>
            <line number="146" hits="1"/>
          </lines>
        </class>
      </classes>
    </package>
    <package name="Http/Resources/Location.php" line-rate="1" branch-rate="0" complexity="1">
      <classes>
        <class name="Playground\Directory\Api\Http\Resources\Location" filename="Http/Resources/Location.php" line-rate="1" branch-rate="0" complexity="1">
          <methods>
            <method name="with" signature="Illuminate\Http\Request $request" line-rate="1" branch-rate="0" complexity="1">
              <lines>
                <line number="32" hits="13"/>
                <line number="37" hits="13"/>
                <line number="39" hits="13"/>
                <line number="40" hits="13"/>
                <line number="41" hits="13"/>
                <line number="42" hits="13"/>
                <line number="43" hits="13"/>
                <line number="44" hits="13"/>
                <line number="45" hits="13"/>
                <line number="46" hits="13"/>
                <line number="47" hits="13"/>
              </lines>
            </method>
          </methods>
          <lines>
            <line number="32" hits="13"/>
            <line number="37" hits="13"/>
            <line number="39" hits="13"/>
            <line number="40" hits="13"/>
            <line number="41" hits="13"/>
            <line number="42" hits="13"/>
            <line number="43" hits="13"/>
            <line number="44" hits="13"/>
            <line number="45" hits="13"/>
            <line number="46" hits="13"/>
            <line number="47" hits="13"/>
          </lines>
        </class>
      </classes>
    </package>
    <package name="Http/Resources/LocationCollection.php" line-rate="1" branch-rate="0" complexity="1">
      <classes>
        <class name="Playground\Directory\Api\Http\Resources\LocationCollection" filename="Http/Resources/LocationCollection.php" line-rate="1" branch-rate="0" complexity="1">
          <methods>
            <method name="with" signature="Illuminate\Http\Request $request" line-rate="1" branch-rate="0" complexity="1">
              <lines>
                <line number="27" hits="2"/>
                <line number="28" hits="2"/>
                <line number="29" hits="2"/>
                <line number="30" hits="2"/>
                <line number="31" hits="2"/>
                <line number="32" hits="2"/>
                <line number="33" hits="2"/>
                <line number="34" hits="2"/>
                <line number="35" hits="2"/>
                <line number="36" hits="2"/>
                <line number="37" hits="2"/>
                <line number="38" hits="2"/>
                <line number="39" hits="2"/>
              </lines>
            </method>
          </methods>
          <lines>
            <line number="27" hits="2"/>
            <line number="28" hits="2"/>
            <line number="29" hits="2"/>
            <line number="30" hits="2"/>
            <line number="31" hits="2"/>
            <line number="32" hits="2"/>
            <line number="33" hits="2"/>
            <line number="34" hits="2"/>
            <line number="35" hits="2"/>
            <line number="36" hits="2"/>
            <line number="37" hits="2"/>
            <line number="38" hits="2"/>
            <line number="39" hits="2"/>
          </lines>
        </class>
      </classes>
    </package>
    <package name="Http/Resources/LocationRevision.php" line-rate="1" branch-rate="0" complexity="1">
      <classes>
        <class name="Playground\Directory\Api\Http\Resources\LocationRevision" filename="Http/Resources/LocationRevision.php" line-rate="1" branch-rate="0" complexity="1">
          <methods>
            <method name="with" signature="Illuminate\Http\Request $request" line-rate="1" branch-rate="0" complexity="1">
              <lines>
                <line number="32" hits="1"/>
                <line number="37" hits="1"/>
                <line number="39" hits="1"/>
                <line number="40" hits="1"/>
                <line number="41" hits="1"/>
                <line number="42" hits="1"/>
                <line number="43" hits="1"/>
                <line number="44" hits="1"/>
                <line number="45" hits="1"/>
                <line number="46" hits="1"/>
                <line number="47" hits="1"/>
              </lines>
            </method>
          </methods>
          <lines>
            <line number="32" hits="1"/>
            <line number="37" hits="1"/>
            <line number="39" hits="1"/>
            <line number="40" hits="1"/>
            <line number="41" hits="1"/>
            <line number="42" hits="1"/>
            <line number="43" hits="1"/>
            <line number="44" hits="1"/>
            <line number="45" hits="1"/>
            <line number="46" hits="1"/>
            <line number="47" hits="1"/>
          </lines>
        </class>
      </classes>
    </package>
    <package name="Http/Resources/LocationRevisionCollection.php" line-rate="1" branch-rate="0" complexity="1">
      <classes>
        <class name="Playground\Directory\Api\Http\Resources\LocationRevisionCollection" filename="Http/Resources/LocationRevisionCollection.php" line-rate="1" branch-rate="0" complexity="1">
          <methods>
            <method name="with" signature="Illuminate\Http\Request $request" line-rate="1" branch-rate="0" complexity="1">
              <lines>
                <line number="27" hits="2"/>
                <line number="28" hits="2"/>
                <line number="29" hits="2"/>
                <line number="30" hits="2"/>
                <line number="31" hits="2"/>
                <line number="32" hits="2"/>
                <line number="33" hits="2"/>
                <line number="34" hits="2"/>
                <line number="35" hits="2"/>
                <line number="36" hits="2"/>
                <line number="37" hits="2"/>
                <line number="38" hits="2"/>
                <line number="39" hits="2"/>
              </lines>
            </method>
          </methods>
          <lines>
            <line number="27" hits="2"/>
            <line number="28" hits="2"/>
            <line number="29" hits="2"/>
            <line number="30" hits="2"/>
            <line number="31" hits="2"/>
            <line number="32" hits="2"/>
            <line number="33" hits="2"/>
            <line number="34" hits="2"/>
            <line number="35" hits="2"/>
            <line number="36" hits="2"/>
            <line number="37" hits="2"/>
            <line number="38" hits="2"/>
            <line number="39" hits="2"/>
          </lines>
        </class>
      </classes>
    </package>
    <package name="Http/Resources/Sublocation.php" line-rate="1" branch-rate="0" complexity="1">
      <classes>
        <class name="Playground\Directory\Api\Http\Resources\Sublocation" filename="Http/Resources/Sublocation.php" line-rate="1" branch-rate="0" complexity="1">
          <methods>
            <method name="with" signature="Illuminate\Http\Request $request" line-rate="1" branch-rate="0" complexity="1">
              <lines>
                <line number="32" hits="13"/>
                <line number="37" hits="13"/>
                <line number="39" hits="13"/>
                <line number="40" hits="13"/>
                <line number="41" hits="13"/>
                <line number="42" hits="13"/>
                <line number="43" hits="13"/>
                <line number="44" hits="13"/>
                <line number="45" hits="13"/>
                <line number="46" hits="13"/>
                <line number="47" hits="13"/>
              </lines>
            </method>
          </methods>
          <lines>
            <line number="32" hits="13"/>
            <line number="37" hits="13"/>
            <line number="39" hits="13"/>
            <line number="40" hits="13"/>
            <line number="41" hits="13"/>
            <line number="42" hits="13"/>
            <line number="43" hits="13"/>
            <line number="44" hits="13"/>
            <line number="45" hits="13"/>
            <line number="46" hits="13"/>
            <line number="47" hits="13"/>
          </lines>
        </class>
      </classes>
    </package>
    <package name="Http/Resources/SublocationCollection.php" line-rate="1" branch-rate="0" complexity="1">
      <classes>
        <class name="Playground\Directory\Api\Http\Resources\SublocationCollection" filename="Http/Resources/SublocationCollection.php" line-rate="1" branch-rate="0" complexity="1">
          <methods>
            <method name="with" signature="Illuminate\Http\Request $request" line-rate="1" branch-rate="0" complexity="1">
              <lines>
                <line number="27" hits="2"/>
                <line number="28" hits="2"/>
                <line number="29" hits="2"/>
                <line number="30" hits="2"/>
                <line number="31" hits="2"/>
                <line number="32" hits="2"/>
                <line number="33" hits="2"/>
                <line number="34" hits="2"/>
                <line number="35" hits="2"/>
                <line number="36" hits="2"/>
                <line number="37" hits="2"/>
                <line number="38" hits="2"/>
                <line number="39" hits="2"/>
              </lines>
            </method>
          </methods>
          <lines>
            <line number="27" hits="2"/>
            <line number="28" hits="2"/>
            <line number="29" hits="2"/>
            <line number="30" hits="2"/>
            <line number="31" hits="2"/>
            <line number="32" hits="2"/>
            <line number="33" hits="2"/>
            <line number="34" hits="2"/>
            <line number="35" hits="2"/>
            <line number="36" hits="2"/>
            <line number="37" hits="2"/>
            <line number="38" hits="2"/>
            <line number="39" hits="2"/>
          </lines>
        </class>
      </classes>
    </package>
    <package name="Http/Resources/SublocationRevision.php" line-rate="1" branch-rate="0" complexity="1">
      <classes>
        <class name="Playground\Directory\Api\Http\Resources\SublocationRevision" filename="Http/Resources/SublocationRevision.php" line-rate="1" branch-rate="0" complexity="1">
          <methods>
            <method name="with" signature="Illuminate\Http\Request $request" line-rate="1" branch-rate="0" complexity="1">
              <lines>
                <line number="32" hits="1"/>
                <line number="37" hits="1"/>
                <line number="39" hits="1"/>
                <line number="40" hits="1"/>
                <line number="41" hits="1"/>
                <line number="42" hits="1"/>
                <line number="43" hits="1"/>
                <line number="44" hits="1"/>
                <line number="45" hits="1"/>
                <line number="46" hits="1"/>
                <line number="47" hits="1"/>
              </lines>
            </method>
          </methods>
          <lines>
            <line number="32" hits="1"/>
            <line number="37" hits="1"/>
            <line number="39" hits="1"/>
            <line number="40" hits="1"/>
            <line number="41" hits="1"/>
            <line number="42" hits="1"/>
            <line number="43" hits="1"/>
            <line number="44" hits="1"/>
            <line number="45" hits="1"/>
            <line number="46" hits="1"/>
            <line number="47" hits="1"/>
          </lines>
        </class>
      </classes>
    </package>
    <package name="Http/Resources/SublocationRevisionCollection.php" line-rate="1" branch-rate="0" complexity="1">
      <classes>
        <class name="Playground\Directory\Api\Http\Resources\SublocationRevisionCollection" filename="Http/Resources/SublocationRevisionCollection.php" line-rate="1" branch-rate="0" complexity="1">
          <methods>
            <method name="with" signature="Illuminate\Http\Request $request" line-rate="1" branch-rate="0" complexity="1">
              <lines>
                <line number="27" hits="2"/>
                <line number="28" hits="2"/>
                <line number="29" hits="2"/>
                <line number="30" hits="2"/>
                <line number="31" hits="2"/>
                <line number="32" hits="2"/>
                <line number="33" hits="2"/>
                <line number="34" hits="2"/>
                <line number="35" hits="2"/>
                <line number="36" hits="2"/>
                <line number="37" hits="2"/>
                <line number="38" hits="2"/>
                <line number="39" hits="2"/>
              </lines>
            </method>
          </methods>
          <lines>
            <line number="27" hits="2"/>
            <line number="28" hits="2"/>
            <line number="29" hits="2"/>
            <line number="30" hits="2"/>
            <line number="31" hits="2"/>
            <line number="32" hits="2"/>
            <line number="33" hits="2"/>
            <line number="34" hits="2"/>
            <line number="35" hits="2"/>
            <line number="36" hits="2"/>
            <line number="37" hits="2"/>
            <line number="38" hits="2"/>
            <line number="39" hits="2"/>
          </lines>
        </class>
      </classes>
    </package>
    <package name="Policies/LocationPolicy.php" line-rate="1" branch-rate="0" complexity="3">
      <classes>
        <class name="Playground\Directory\Api\Policies\LocationPolicy" filename="Policies/LocationPolicy.php" line-rate="1" branch-rate="0" complexity="3">
          <methods>
            <method name="revisions" signature="Illuminate\Contracts\Auth\Authenticatable $user" line-rate="1" branch-rate="0" complexity="1">
              <lines>
                <line number="49" hits="2"/>
              </lines>
            </method>
            <method name="viewRevision" signature="Illuminate\Contracts\Auth\Authenticatable $user, Playground\Directory\Models\LocationRevision $location_revision" line-rate="1" branch-rate="0" complexity="1">
              <lines>
                <line number="57" hits="1"/>
              </lines>
            </method>
            <method name="restoreRevision" signature="Illuminate\Contracts\Auth\Authenticatable $user, Playground\Directory\Models\LocationRevision $location_revision" line-rate="1" branch-rate="0" complexity="1">
              <lines>
                <line number="65" hits="3"/>
              </lines>
            </method>
          </methods>
          <lines>
            <line number="49" hits="2"/>
            <line number="57" hits="1"/>
            <line number="65" hits="3"/>
          </lines>
        </class>
      </classes>
    </package>
    <package name="Policies/SublocationPolicy.php" line-rate="1" branch-rate="0" complexity="3">
      <classes>
        <class name="Playground\Directory\Api\Policies\SublocationPolicy" filename="Policies/SublocationPolicy.php" line-rate="1" branch-rate="0" complexity="3">
          <methods>
            <method name="revisions" signature="Illuminate\Contracts\Auth\Authenticatable $user" line-rate="1" branch-rate="0" complexity="1">
              <lines>
                <line number="49" hits="2"/>
              </lines>
            </method>
            <method name="viewRevision" signature="Illuminate\Contracts\Auth\Authenticatable $user, Playground\Directory\Models\SublocationRevision $sublocation_revision" line-rate="1" branch-rate="0" complexity="1">
              <lines>
                <line number="57" hits="1"/>
              </lines>
            </method>
            <method name="restoreRevision" signature="Illuminate\Contracts\Auth\Authenticatable $user, Playground\Directory\Models\SublocationRevision $sublocation_revision" line-rate="1" branch-rate="0" complexity="1">
              <lines>
                <line number="65" hits="3"/>
              </lines>
            </method>
          </methods>
          <lines>
            <line number="49" hits="2"/>
            <line number="57" hits="1"/>
            <line number="65" hits="3"/>
          </lines>
        </class>
      </classes>
    </package>
    <package name="ServiceProvider.php" line-rate="1" branch-rate="0" complexity="44">
      <classes>
        <class name="Playground\Directory\Api\ServiceProvider" filename="ServiceProvider.php" line-rate="1" branch-rate="0" complexity="44">
          <methods>
            <method name="boot" signature="" line-rate="1" branch-rate="0" complexity="12">
              <lines>
                <line number="31" hits="127"/>
                <line number="33" hits="127"/>
                <line number="35" hits="127"/>
                <line number="36" hits="127"/>
                <line number="37" hits="127"/>
                <line number="38" hits="127"/>
                <line number="39" hits="127"/>
                <line number="42" hits="127"/>
                <line number="43" hits="127"/>
                <line number="44" hits="127"/>
                <line number="46" hits="127"/>
                <line number="47" hits="127"/>
                <line number="50" hits="127"/>
                <line number="51" hits="127"/>
                <line number="52" hits="127"/>
                <line number="54" hits="127"/>
                <line number="58" hits="127"/>
                <line number="60" hits="127"/>
                <line number="61" hits="127"/>
                <line number="62" hits="127"/>
                <line number="65" hits="127"/>
                <line number="66" hits="127"/>
                <line number="67" hits="127"/>
                <line number="70" hits="127"/>
                <line number="71" hits="127"/>
              </lines>
            </method>
            <method name="register" signature="" line-rate="1" branch-rate="0" complexity="1">
              <lines>
                <line number="80" hits="127"/>
                <line number="81" hits="127"/>
                <line number="82" hits="127"/>
                <line number="83" hits="127"/>
              </lines>
            </method>
            <method name="setPolicies" signature="array $policies" line-rate="1" branch-rate="0" complexity="10">
              <lines>
                <line number="93" hits="127"/>
                <line number="94" hits="127"/>
                <line number="95" hits="1"/>
                <line number="96" hits="1"/>
                <line number="97" hits="1"/>
                <line number="98" hits="1"/>
                <line number="99" hits="1"/>
                <line number="100" hits="1"/>
                <line number="102" hits="1"/>
                <line number="104" hits="127"/>
                <line number="105" hits="1"/>
                <line number="106" hits="1"/>
                <line number="107" hits="1"/>
                <line number="108" hits="1"/>
                <line number="109" hits="1"/>
                <line number="110" hits="1"/>
                <line number="112" hits="1"/>
                <line number="114" hits="127"/>
              </lines>
            </method>
            <method name="routes" signature="array $config" line-rate="1" branch-rate="0" complexity="3">
              <lines>
                <line number="123" hits="127"/>
                <line number="124" hits="127"/>
                <line number="126" hits="127"/>
                <line number="127" hits="127"/>
              </lines>
            </method>
            <method name="about" signature="" line-rate="1" branch-rate="0" complexity="18">
              <lines>
                <line number="133" hits="127"/>
                <line number="134" hits="127"/>
                <line number="136" hits="127"/>
                <line number="138" hits="127"/>
                <line number="140" hits="127"/>
                <line number="142" hits="127"/>
                <line number="144" hits="127"/>
                <line number="146" hits="127"/>
                <line number="147" hits="127"/>
                <line number="148" hits="127"/>
                <line number="150" hits="127"/>
                <line number="151" hits="127"/>
                <line number="152" hits="127"/>
                <line number="154" hits="127"/>
                <line number="155" hits="127"/>
                <line number="157" hits="127"/>
                <line number="158" hits="127"/>
                <line number="159" hits="127"/>
              </lines>
            </method>
          </methods>
          <lines>
            <line number="31" hits="127"/>
            <line number="33" hits="127"/>
            <line number="35" hits="127"/>
            <line number="36" hits="127"/>
            <line number="37" hits="127"/>
            <line number="38" hits="127"/>
            <line number="39" hits="127"/>
            <line number="42" hits="127"/>
            <line number="43" hits="127"/>
            <line number="44" hits="127"/>
            <line number="46" hits="127"/>
            <line number="47" hits="127"/>
            <line number="50" hits="127"/>
            <line number="51" hits="127"/>
            <line number="52" hits="127"/>
            <line number="54" hits="127"/>
            <line number="58" hits="127"/>
            <line number="60" hits="127"/>
            <line number="61" hits="127"/>
            <line number="62" hits="127"/>
            <line number="65" hits="127"/>
            <line number="66" hits="127"/>
            <line number="67" hits="127"/>
            <line number="70" hits="127"/>
            <line number="71" hits="127"/>
            <line number="80" hits="127"/>
            <line number="81" hits="127"/>
            <line number="82" hits="127"/>
            <line number="83" hits="127"/>
            <line number="93" hits="127"/>
            <line number="94" hits="127"/>
            <line number="95" hits="1"/>
            <line number="96" hits="1"/>
            <line number="97" hits="1"/>
            <line number="98" hits="1"/>
            <line number="99" hits="1"/>
            <line number="100" hits="1"/>
            <line number="102" hits="1"/>
            <line number="104" hits="127"/>
            <line number="105" hits="1"/>
            <line number="106" hits="1"/>
            <line number="107" hits="1"/>
            <line number="108" hits="1"/>
            <line number="109" hits="1"/>
            <line number="110" hits="1"/>
            <line number="112" hits="1"/>
            <line number="114" hits="127"/>
            <line number="123" hits="127"/>
            <line number="124" hits="127"/>
            <line number="126" hits="127"/>
            <line number="127" hits="127"/>
            <line number="133" hits="127"/>
            <line number="134" hits="127"/>
            <line number="136" hits="127"/>
            <line number="138" hits="127"/>
            <line number="140" hits="127"/>
            <line number="142" hits="127"/>
            <line number="144" hits="127"/>
            <line number="146" hits="127"/>
            <line number="147" hits="127"/>
            <line number="148" hits="127"/>
            <line number="150" hits="127"/>
            <line number="151" hits="127"/>
            <line number="152" hits="127"/>
            <line number="154" hits="127"/>
            <line number="155" hits="127"/>
            <line number="157" hits="127"/>
            <line number="158" hits="127"/>
            <line number="159" hits="127"/>
          </lines>
        </class>
      </classes>
    </package>
  </packages>
</coverage>
